<?xml version="1.0" encoding="UTF-8"?>
<testsuite xmlns:xsi="http://www.w3.org/2001/XMLSchema-instance" xsi:noNamespaceSchemaLocation="https://maven.apache.org/surefire/maven-surefire-plugin/xsd/surefire-test-report.xsd" name="ch.bbw.AppTest" time="0.08" tests="1" errors="0" skipped="0" failures="0">
  <properties>
    <property name="java.specification.version" value="13"/>
    <property name="sun.cpu.isalist" value="amd64"/>
    <property name="sun.jnu.encoding" value="Cp1252"/>
    <property name="java.class.path" value="C:\Users\ascha\Desktop\Schule\BBW\Programme\alle Programme\IntelliJ IDEA 2020.2\Projekte\Modul 426\02_ConsoleCalculatorWithMaven\target\test-classes;C:\Users\ascha\Desktop\Schule\BBW\Programme\alle Programme\IntelliJ IDEA 2020.2\Projekte\Modul 426\02_ConsoleCalculatorWithMaven\target\classes;C:\Users\ascha\.m2\repository\junit\junit\4.11\junit-4.11.jar;C:\Users\ascha\.m2\repository\org\hamcrest\hamcrest-core\1.3\hamcrest-core-1.3.jar;"/>
    <property name="java.vm.vendor" value="Oracle Corporation"/>
    <property name="sun.arch.data.model" value="64"/>
    <property name="user.variant" value=""/>
    <property name="java.vendor.url" value="https://java.oracle.com/"/>
    <property name="user.timezone" value="Europe/Zurich"/>
    <property name="os.name" value="Windows 10"/>
    <property name="java.vm.specification.version" value="13"/>
    <property name="sun.java.launcher" value="SUN_STANDARD"/>
    <property name="user.country" value="CH"/>
    <property name="sun.boot.library.path" value="C:\Program Files\Java\jdk-13.0.2\bin"/>
    <property name="sun.java.command" value="C:\Users\ascha\AppData\Local\Temp\surefire5728814505080062249\surefirebooter10485766057700169478.jar C:\Users\ascha\AppData\Local\Temp\surefire5728814505080062249 2021-05-19T11-27-33_944-jvmRun1 surefire11911922408540637455tmp surefire_09516554454035181751tmp"/>
    <property name="jdk.debug" value="release"/>
    <property name="surefire.test.class.path" value="C:\Users\ascha\Desktop\Schule\BBW\Programme\alle Programme\IntelliJ IDEA 2020.2\Projekte\Modul 426\02_ConsoleCalculatorWithMaven\target\test-classes;C:\Users\ascha\Desktop\Schule\BBW\Programme\alle Programme\IntelliJ IDEA 2020.2\Projekte\Modul 426\02_ConsoleCalculatorWithMaven\target\classes;C:\Users\ascha\.m2\repository\junit\junit\4.11\junit-4.11.jar;C:\Users\ascha\.m2\repository\org\hamcrest\hamcrest-core\1.3\hamcrest-core-1.3.jar;"/>
    <property name="sun.cpu.endian" value="little"/>
    <property name="user.home" value="C:\Users\ascha"/>
    <property name="user.language" value="de"/>
    <property name="java.specification.vendor" value="Oracle Corporation"/>
    <property name="java.version.date" value="2020-01-14"/>
    <property name="java.home" value="C:\Program Files\Java\jdk-13.0.2"/>
    <property name="file.separator" value="\"/>
    <property name="basedir" value="C:\Users\ascha\Desktop\Schule\BBW\Programme\alle Programme\IntelliJ IDEA 2020.2\Projekte\Modul 426\02_ConsoleCalculatorWithMaven"/>
    <property name="java.vm.compressedOopsMode" value="32-bit"/>
    <property name="line.separator" value="&#10;"/>
    <property name="java.vm.specification.vendor" value="Oracle Corporation"/>
    <property name="java.specification.name" value="Java Platform API Specification"/>
    <property name="surefire.real.class.path" value="C:\Users\ascha\AppData\Local\Temp\surefire5728814505080062249\surefirebooter10485766057700169478.jar"/>
    <property name="user.script" value=""/>
    <property name="sun.management.compiler" value="HotSpot 64-Bit Tiered Compilers"/>
    <property name="java.runtime.version" value="13.0.2+8"/>
    <property name="user.name" value="ascha"/>
    <property name="path.separator" value=";"/>
    <property name="os.version" value="10.0"/>
    <property name="java.runtime.name" value="Java(TM) SE Runtime Environment"/>
    <property name="file.encoding" value="Cp1252"/>
    <property name="java.vm.name" value="Java HotSpot(TM) 64-Bit Server VM"/>
    <property name="localRepository" value="C:\Users\ascha\.m2\repository"/>
    <property name="java.vendor.url.bug" value="https://bugreport.java.com/bugreport/"/>
    <property name="java.io.tmpdir" value="C:\Users\ascha\AppData\Local\Temp\"/>
    <property name="java.version" value="13.0.2"/>
    <property name="user.dir" value="C:\Users\ascha\Desktop\Schule\BBW\Programme\alle Programme\IntelliJ IDEA 2020.2\Projekte\Modul 426\02_ConsoleCalculatorWithMaven"/>
    <property name="os.arch" value="amd64"/>
    <property name="java.vm.specification.name" value="Java Virtual Machine Specification"/>
    <property name="sun.os.patch.level" value=""/>
    <property name="java.library.path" value="C:\Program Files\Java\jdk-13.0.2\bin;C:\WINDOWS\Sun\Java\bin;C:\WINDOWS\system32;C:\WINDOWS;C:/Program Files/Java/jdk-13.0.2/bin/server;C:/Program Files/Java/jdk-13.0.2/bin;C:\Program Files\Java\jdk-13.0.2\bin;C:\Program Files (x86)\Common Files\Oracle\Java\javapath;C:\WINDOWS\system32;C:\WINDOWS;C:\WINDOWS\System32\Wbem;C:\WINDOWS\System32\WindowsPowerShell\v1.0\;C:\WINDOWS\System32\OpenSSH\;C:\Program Files\nodejs\;C:\Program Files\Git\cmd;C:\Program Files\Docker\Docker\resources\bin;C:\ProgramData\DockerDesktop\version-bin;C:\Users\ascha\AppData\Local\Microsoft\WindowsApps;;C:\Users\ascha\AppData\Local\Programs\Microsoft VS Code\bin;C:\Users\ascha\AppData\Roaming\npm;C:\Users\ascha\Desktop\Schule\BBW\Programme\alle Programme\eclipse;;."/>
    <property name="java.vm.info" value="mixed mode, sharing"/>
    <property name="java.vendor" value="Oracle Corporation"/>
    <property name="java.vm.version" value="13.0.2+8"/>
    <property name="sun.io.unicode.encoding" value="UnicodeLittle"/>
    <property name="java.class.version" value="57.0"/>
  </properties>
  <testcase name="shouldAnswerWithTrue" classname="ch.bbw.AppTest" time="0.004"/>
</testsuite>